<?xml version="1.0" encoding="UTF-8"?>
<!-- Generated by org.testng.reporters.JUnitReportReporter -->
<testsuite hostname="DESKTOP-1CCS179" failures="0" tests="2" name="com.qa.testCases.HomePageTest" time="21.083" errors="0" timestamp="2022-01-15T10:31:46 IST" skipped="0">
  <testcase classname="com.qa.testCases.HomePageTest" name="verifyTitle" time="11.430"/>
  <system-out/>
  <testcase classname="com.qa.testCases.HomePageTest" name="verifySearchbox" time="9.653"/>
  <system-out/>
</testsuite> <!-- com.qa.testCases.HomePageTest -->
